
=== Sun Aug 25 14:35:46 2019

Packages were changed.
Update Mode: mergeDefaultDependencies

The following packages were added:
  com.unity.package-manager-ui@2.2.0
  com.unity.ext.nunit@1.0.0
  com.unity.test-framework@1.0.13
  com.unity.ide.vscode@1.0.7
  com.unity.ide.rider@1.1.0
  com.unity.ugui@1.0.0
  com.unity.modules.androidjni@1.0.0
The following packages were updated:
  com.unity.collab-proxy from version 1.2.9 to 1.2.16
  com.unity.textmeshpro from version 2.0.0 to 2.0.1
  com.unity.timeline from version 0.0.0-builtin to 1.1.0

=== Sun Jan  5 11:59:34 2020

Packages were changed.
Update Mode: updateDependencies

The following packages were updated:
  com.unity.ide.vscode from version 1.0.7 to 1.1.3

=== Thu Feb 13 23:49:12 2020

Packages were changed.
Update Mode: updateDependencies

The following packages were updated:
  com.unity.ide.rider from version 1.1.0 to 1.1.4
  com.unity.ide.vscode from version 1.1.3 to 1.1.4
  com.unity.test-framework from version 1.0.13 to 1.1.11
  com.unity.timeline from version 1.1.0 to 1.2.10
The following packages were removed:
  com.unity.package-manager-ui@2.2.0

=== Tue May  5 12:53:59 2020

Packages were changed.
Update Mode: updateDependencies

The following packages were updated:
  com.unity.ide.vscode from version 1.1.4 to 1.2.0
  com.unity.render-pipelines.universal from version 7.1.8 to 7.3.1
  com.unity.test-framework from version 1.1.11 to 1.1.13

=== Thu Jun 11 18:27:26 2020

Packages were changed.
Update Mode: updateDependencies

The following packages were updated:
  com.unity.test-framework from version 1.1.13 to 1.1.14

=== Thu Aug 13 15:08:53 2020

Packages were changed.
Update Mode: updateDependencies

The following packages were updated:
  com.unity.ide.vscode from version 1.2.0 to 1.2.1
  com.unity.test-framework from version 1.1.14 to 1.1.16

=== Thu Oct 22 16:22:18 2020

Packages were changed.
Update Mode: updateDependencies

The following packages were updated:
  com.unity.ide.vscode from version 1.2.1 to 1.2.2
  com.unity.test-framework from version 1.1.16 to 1.1.18

=== Sun Dec 20 16:10:53 2020

Packages were changed.
Update Mode: updateDependencies

The following packages were updated:
  com.unity.ext.nunit from version 1.0.0 to 1.0.5
  com.unity.ide.vscode from version 1.2.2 to 1.2.3
  com.unity.test-framework from version 1.1.18 to 1.1.19

=== Fri Feb  5 12:15:34 2021

Packages were changed.
Update Mode: updateDependencies

The following packages were updated:
  com.unity.ext.nunit from version 1.0.5 to 1.0.6
  com.unity.test-framework from version 1.1.19 to 1.1.20

=== Fri Apr  9 19:20:52 2021

Packages were changed.
Update Mode: updateDependencies

The following packages were updated:
  com.unity.recorder from version 2.5.2 to 2.5.5
  com.unity.test-framework from version 1.1.20 to 1.1.24
  com.unity.textmeshpro from version 2.0.1 to 2.1.4
  com.unity.timeline from version 1.2.10 to 1.2.18

=== Thu Oct 21 11:20:48 2021

Packages were changed.
Update Mode: updateDependencies

The following packages were added:
  com.unity.ide.visualstudio@2.0.8
The following packages were updated:
  com.unity.collab-proxy from version 1.2.16 to 1.5.7
  com.unity.ide.rider from version 1.1.4 to 2.0.7
  com.unity.render-pipelines.universal from version 7.3.1 to 10.5.0
  com.unity.shadergraph from version 7.5.3 to 10.5.0
  com.unity.textmeshpro from version 2.1.4 to 3.0.6
  com.unity.timeline from version 1.2.18 to 1.4.8
